# JRE version: OpenJDK Runtime Environment (8.0_152-b02) (build 1.8.0_152-release-1024-b02)
# Java VM: OpenJDK 64-Bit Server VM (25.152-b02 mixed mode windows-amd64 compressed oops)
Heap:
 PSYoungGen      total 441344K, used 279476K [0x00000000e0000000, 0x00000000ffc00000, 0x0000000100000000)
  eden space 363008K, 75% used [0x00000000e0000000,0x00000000f0bc2fd0,0x00000000f6280000)
  from space 78336K, 6% used [0x00000000f6280000,0x00000000f67aa148,0x00000000faf00000)
  to   space 77312K, 0% used [0x00000000fb080000,0x00000000fb080000,0x00000000ffc00000)
 ParOldGen       total 552448K, used 364459K [0x00000000a0000000, 0x00000000c1b80000, 0x00000000e0000000)
  object space 552448K, 65% used [0x00000000a0000000,0x00000000b63ead18,0x00000000c1b80000)
 Metaspace       used 757074K, capacity 804864K, committed 808132K, reserved 1751040K
  class space    used 96438K, capacity 106145K, committed 106740K, reserved 1048576K
GC Heap History (10 events):
Event: 8096.256 GC heap before
{Heap before GC invocations=111 (full 8):
 PSYoungGen      total 441344K, used 367523K [0x00000000e0000000, 0x0000000100000000, 0x0000000100000000)
  eden space 361472K, 99% used [0x00000000e0000000,0x00000000f6089460,0x00000000f6100000)
  from space 79872K, 8% used [0x00000000fb200000,0x00000000fb85fad8,0x0000000100000000)
  to   space 81408K, 0% used [0x00000000f6100000,0x00000000f6100000,0x00000000fb080000)
 ParOldGen       total 552448K, used 352951K [0x00000000a0000000, 0x00000000c1b80000, 0x00000000e0000000)
  object space 552448K, 63% used [0x00000000a0000000,0x00000000b58addb8,0x00000000c1b80000)
 Metaspace       used 754098K, capacity 801288K, committed 805188K, reserved 1748992K
  class space    used 96094K, capacity 105665K, committed 106356K, reserved 1048576K
Event: 8096.365 GC heap after
Heap after GC invocations=111 (full 8):
 PSYoungGen      total 442880K, used 7119K [0x00000000e0000000, 0x0000000100000000, 0x0000000100000000)
  eden space 361472K, 0% used [0x00000000e0000000,0x00000000e0000000,0x00000000f6100000)
  from space 81408K, 8% used [0x00000000f6100000,0x00000000f67f3d80,0x00000000fb080000)
  to   space 81408K, 0% used [0x00000000fb080000,0x00000000fb080000,0x0000000100000000)
 ParOldGen       total 552448K, used 357568K [0x00000000a0000000, 0x00000000c1b80000, 0x00000000e0000000)
  object space 552448K, 64% used [0x00000000a0000000,0x00000000b5d30338,0x00000000c1b80000)
 Metaspace       used 754098K, capacity 801288K, committed 805188K, reserved 1748992K
  class space    used 96094K, capacity 105665K, committed 106356K, reserved 1048576K
}
Event: 8127.171 GC heap before
{Heap before GC invocations=112 (full 8):
 PSYoungGen      total 442880K, used 368591K [0x00000000e0000000, 0x0000000100000000, 0x0000000100000000)
  eden space 361472K, 100% used [0x00000000e0000000,0x00000000f6100000,0x00000000f6100000)
  from space 81408K, 8% used [0x00000000f6100000,0x00000000f67f3d80,0x00000000fb080000)
  to   space 81408K, 0% used [0x00000000fb080000,0x00000000fb080000,0x0000000100000000)
 ParOldGen       total 552448K, used 357568K [0x00000000a0000000, 0x00000000c1b80000, 0x00000000e0000000)
  object space 552448K, 64% used [0x00000000a0000000,0x00000000b5d30338,0x00000000c1b80000)
 Metaspace       used 754313K, capacity 801590K, committed 805572K, reserved 1748992K
  class space    used 96126K, capacity 105742K, committed 106484K, reserved 1048576K
Event: 8127.215 GC heap after
Heap after GC invocations=112 (full 8):
 PSYoungGen      total 441856K, used 1973K [0x00000000e0000000, 0x0000000100000000, 0x0000000100000000)
  eden space 360448K, 0% used [0x00000000e0000000,0x00000000e0000000,0x00000000f6000000)
  from space 81408K, 2% used [0x00000000fb080000,0x00000000fb26d718,0x0000000100000000)
  to   space 81920K, 0% used [0x00000000f6000000,0x00000000f6000000,0x00000000fb000000)
 ParOldGen       total 552448K, used 357784K [0x00000000a0000000, 0x00000000c1b80000, 0x00000000e0000000)
  object space 552448K, 64% used [0x00000000a0000000,0x00000000b5d66358,0x00000000c1b80000)
 Metaspace       used 754313K, capacity 801590K, committed 805572K, reserved 1748992K
  class space    used 96126K, capacity 105742K, committed 106484K, reserved 1048576K
}
Event: 8132.603 GC heap before
{Heap before GC invocations=113 (full 8):
 PSYoungGen      total 441856K, used 361573K [0x00000000e0000000, 0x0000000100000000, 0x0000000100000000)
  eden space 360448K, 99% used [0x00000000e0000000,0x00000000f5f2c030,0x00000000f6000000)
  from space 81408K, 2% used [0x00000000fb080000,0x00000000fb26d718,0x0000000100000000)
  to   space 81920K, 0% used [0x00000000f6000000,0x00000000f6000000,0x00000000fb000000)
 ParOldGen       total 552448K, used 357784K [0x00000000a0000000, 0x00000000c1b80000, 0x00000000e0000000)
  object space 552448K, 64% used [0x00000000a0000000,0x00000000b5d66358,0x00000000c1b80000)
 Metaspace       used 754774K, capacity 802276K, committed 805828K, reserved 1748992K
  class space    used 96204K, capacity 105829K, committed 106484K, reserved 1048576K
Event: 8132.620 GC heap after
Heap after GC invocations=113 (full 8):
 PSYoungGen      total 366080K, used 5419K [0x00000000e0000000, 0x00000000ffd80000, 0x0000000100000000)
  eden space 360448K, 0% used [0x00000000e0000000,0x00000000e0000000,0x00000000f6000000)
  from space 5632K, 96% used [0x00000000f6000000,0x00000000f654ae60,0x00000000f6580000)
  to   space 80384K, 0% used [0x00000000faf00000,0x00000000faf00000,0x00000000ffd80000)
 ParOldGen       total 552448K, used 359376K [0x00000000a0000000, 0x00000000c1b80000, 0x00000000e0000000)
  object space 552448K, 65% used [0x00000000a0000000,0x00000000b5ef4148,0x00000000c1b80000)
 Metaspace       used 754774K, capacity 802276K, committed 805828K, reserved 1748992K
  class space    used 96204K, capacity 105829K, committed 106484K, reserved 1048576K
}
Event: 8140.867 GC heap before
{Heap before GC invocations=114 (full 8):
 PSYoungGen      total 366080K, used 365867K [0x00000000e0000000, 0x00000000ffd80000, 0x0000000100000000)
  eden space 360448K, 100% used [0x00000000e0000000,0x00000000f6000000,0x00000000f6000000)
  from space 5632K, 96% used [0x00000000f6000000,0x00000000f654ae60,0x00000000f6580000)
  to   space 80384K, 0% used [0x00000000faf00000,0x00000000faf00000,0x00000000ffd80000)
 ParOldGen       total 552448K, used 359376K [0x00000000a0000000, 0x00000000c1b80000, 0x00000000e0000000)
  object space 552448K, 65% used [0x00000000a0000000,0x00000000b5ef4148,0x00000000c1b80000)
 Metaspace       used 756382K, capacity 804008K, committed 807236K, reserved 1751040K
  class space    used 96353K, capacity 106011K, committed 106612K, reserved 1048576K
Event: 8140.991 GC heap after
Heap after GC invocations=114 (full 8):
 PSYoungGen      total 443392K, used 35474K [0x00000000e0000000, 0x0000000100000000, 0x0000000100000000)
  eden space 363008K, 0% used [0x00000000e0000000,0x00000000e0000000,0x00000000f6280000)
  from space 80384K, 44% used [0x00000000faf00000,0x00000000fd1a4970,0x00000000ffd80000)
  to   space 78336K, 0% used [0x00000000f6280000,0x00000000f6280000,0x00000000faf00000)
 ParOldGen       total 552448K, used 363347K [0x00000000a0000000, 0x00000000c1b80000, 0x00000000e0000000)
  object space 552448K, 65% used [0x00000000a0000000,0x00000000b62d4cd8,0x00000000c1b80000)
 Metaspace       used 756382K, capacity 804008K, committed 807236K, reserved 1751040K
  class space    used 96353K, capacity 106011K, committed 106612K, reserved 1048576K
}
Event: 8145.716 GC heap before
{Heap before GC invocations=115 (full 8):
 PSYoungGen      total 443392K, used 398482K [0x00000000e0000000, 0x0000000100000000, 0x0000000100000000)
  eden space 363008K, 100% used [0x00000000e0000000,0x00000000f6280000,0x00000000f6280000)
  from space 80384K, 44% used [0x00000000faf00000,0x00000000fd1a4970,0x00000000ffd80000)
  to   space 78336K, 0% used [0x00000000f6280000,0x00000000f6280000,0x00000000faf00000)
 ParOldGen       total 552448K, used 363347K [0x00000000a0000000, 0x00000000c1b80000, 0x00000000e0000000)
  object space 552448K, 65% used [0x00000000a0000000,0x00000000b62d4cd8,0x00000000c1b80000)
 Metaspace       used 756759K, capacity 804402K, committed 807748K, reserved 1751040K
  class space    used 96386K, capacity 106054K, committed 106612K, reserved 1048576K
Event: 8145.732 GC heap after
Heap after GC invocations=115 (full 8):
 PSYoungGen      total 441344K, used 5288K [0x00000000e0000000, 0x00000000ffc00000, 0x0000000100000000)
  eden space 363008K, 0% used [0x00000000e0000000,0x00000000e0000000,0x00000000f6280000)
  from space 78336K, 6% used [0x00000000f6280000,0x00000000f67aa148,0x00000000faf00000)
  to   space 77312K, 0% used [0x00000000fb080000,0x00000000fb080000,0x00000000ffc00000)
 ParOldGen       total 552448K, used 364459K [0x00000000a0000000, 0x00000000c1b80000, 0x00000000e0000000)
  object space 552448K, 65% used [0x00000000a0000000,0x00000000b63ead18,0x00000000c1b80000)
 Metaspace       used 756759K, capacity 804402K, committed 807748K, reserved 1751040K
  class space    used 96386K, capacity 106054K, committed 106612K, reserved 1048576K
}

